


Output from MrModeltest version 2.3 

MrModeltest is written by Johan Nylander and is a modified version of Modeltest version 3.6 (Copyright David Posada, Universidad de Vigo).

Reference:
"Nylander, J.A.A. 2004. MrModeltest 2.3. Program distributed by the author. Evolutionary Biology Centre, Uppsala University."

Contact:
johan.nylander@ebc.uu.se.

Credits: David Posada is thanked for supplying the Modeltest code.
______________________________________________________________________

Sun Sep 17 10:25:28 2023

Input format: Paup matrix file 


** Log Likelihood scores **
            			+I		+G		+I+G
JC         =	2176.8628	2061.4780	2056.8914	2055.5132
F81        =	2163.1987	2045.8846	2041.7438	2040.3239
K80        =	2163.4072	2046.4126	2041.6904	2040.2300
HKY        =	2149.7778	2031.6682	2027.4207	2025.8810
SYM        =	2129.1638	2014.2019	2006.0291	2005.4584
GTR        =	2119.7617	2006.6544	2000.9359	2000.4664



Run settings

 Using the standard AIC (not the AICc)
 Not using branch lengths as parameters
 Running all four hierarchies for the hLRT
 Printed parameter values are from the hLRT1 hierarchy



---------------------------------------------------------------
*                                                             *
*         HIERARCHICAL LIKELIHOOD RATIO TESTS (hLRTs)         *
*                                                             *
---------------------------------------------------------------

 Equal base frequencies
   Null model = JC       		  -lnL0 = 2176.8628
   Alternative model = F81      	  -lnL1 = 2163.1987
   2(lnL1-lnL0) =   27.3281		      df = 3 
   P-value =  0.000005
 Ti=Tv
   Null model = F81      		  -lnL0 = 2163.1987
   Alternative model = HKY      	  -lnL1 = 2149.7778
   2(lnL1-lnL0) =   26.8418		      df = 1 
   P-value = <0.000001
 Unequal Tv and unequal Ti
   Null model = HKY      		  -lnL0 = 2149.7778
   Alternative model = GTR      	  -lnL1 = 2119.7617
   2(lnL1-lnL0) =   60.0322		      df = 4 
   P-value = <0.000001
 Equal rates among sites
   Null model = GTR      		  -lnL0 = 2119.7617
   Alternative model = GTR+G    	  -lnL1 = 2000.9359
   2(lnL1-lnL0) =  237.6516		      df = 1 
   Using mixed chi-square distribution
   P-value = <0.000001
 No Invariable sites
   Null model = GTR+G    		  -lnL0 = 2000.9359
   Alternative model = GTR+I+G  	  -lnL1 = 2000.4664
   2(lnL1-lnL0) =    0.9390		      df = 1 
   Using mixed chi-square distribution
   P-value =  0.166272


 ** Hierarchical Likelihood Ratio Tests (using hLRT2) **

 Equal base frequencies
   Null model = SYM+I+G  		  -lnL0 = 2005.4584
   Alternative model = GTR+I+G  	  -lnL1 = 2000.4664
   2(lnL1-lnL0) =    9.9839		      df = 3 
   P-value =  0.018704
 Unequal Tv and unequal Ti
   Null model = K80+I+G  		  -lnL0 = 2040.2300
   Alternative model = SYM+I+G  	  -lnL1 = 2005.4584
   2(lnL1-lnL0) =   69.5432		      df = 4 
   P-value = <0.000001
 Equal rates among sites
   Null model = SYM+I    		  -lnL0 = 2014.2019
   Alternative model = SYM+I+G  	  -lnL1 = 2005.4584
   2(lnL1-lnL0) =   17.4871		      df = 1 
   Using mixed chi-square distribution
   P-value =  0.000014
 No Invariable sites
   Null model = SYM+G    		  -lnL0 = 2006.0291
   Alternative model = SYM+I+G  	  -lnL1 = 2005.4584
   2(lnL1-lnL0) =    1.1414		      df = 1 
   Using mixed chi-square distribution
   P-value =  0.142683


 ** Hierarchical Likelihood Ratio Tests (using hLRT3) **

 Equal rates among sites
   Null model = JC       		  -lnL0 = 2176.8628
   Alternative model = JC+G     	  -lnL1 = 2056.8914
   2(lnL1-lnL0) =  239.9429		      df = 1 
   Using mixed chi-square distribution
   P-value = <0.000001
 No Invariable sites
   Null model = JC+G     		  -lnL0 = 2056.8914
   Alternative model = JC+I+G   	  -lnL1 = 2055.5132
   2(lnL1-lnL0) =    2.7563		      df = 1 
   Using mixed chi-square distribution
   P-value =  0.048435
 Ti=Tv
   Null model = JC+G     		  -lnL0 = 2056.8914
   Alternative model = K80+G    	  -lnL1 = 2041.6904
   2(lnL1-lnL0) =   30.4019		      df = 1 
   P-value = <0.000001
 Unequal Tv and unequal Ti
   Null model = K80+G    		  -lnL0 = 2041.6904
   Alternative model = SYM+G    	  -lnL1 = 2006.0291
   2(lnL1-lnL0) =   71.3228		      df = 4 
   P-value = <0.000001
 Equal base frequencies
   Null model = SYM+G    		  -lnL0 = 2006.0291
   Alternative model = GTR+G    	  -lnL1 = 2000.9359
   2(lnL1-lnL0) =   10.1863		      df = 3 
   P-value =  0.017047


 ** Hierarchical Likelihood Ratio Tests (using hLRT4) **

 Equal rates among sites
   Null model = GTR+I    		  -lnL0 = 2006.6544
   Alternative model = GTR+I+G  	  -lnL1 = 2000.4664
   2(lnL1-lnL0) =   12.3760		      df = 1 
   Using mixed chi-square distribution
   P-value =  0.000217
 No Invariable sites
   Null model = GTR+G    		  -lnL0 = 2000.9359
   Alternative model = GTR+I+G  	  -lnL1 = 2000.4664
   2(lnL1-lnL0) =    0.9390		      df = 1 
   Using mixed chi-square distribution
   P-value =  0.166272
 Unequal Tv and unequal Ti
   Null model = HKY+G    		  -lnL0 = 2027.4207
   Alternative model = GTR+G    	  -lnL1 = 2000.9359
   2(lnL1-lnL0) =   52.9695		      df = 4 
   P-value = <0.000001
 Equal base frequencies
   Null model = SYM+G    		  -lnL0 = 2006.0291
   Alternative model = GTR+G    	  -lnL1 = 2000.9359
   2(lnL1-lnL0) =   10.1863		      df = 3 
   P-value =  0.017047


 --
 ATTENTION: The choice based on hLRT can be sensitive for the specific
            hierarchy used. If selected models differ, User need to
            make the choice!

            Model selected by hLRT (default): GTR+G
            Model selected by hLRT2:          SYM+G
            Model selected by hLRT3:          SYM+G
            Model selected by hLRT4:          SYM+G
 --


 Model selected: GTR+G
   -lnL = 	2000.9359
    K = 	9
   Base frequencies: 
     freqA = 	 0.2152
     freqC = 	 0.2948
     freqG = 	 0.2597
     freqT = 	 0.2303
   Substitution model: 
     Rate matrix
     R(a) [A-C] = 	 8.2445
     R(b) [A-G] = 	 4.2422
     R(c) [A-T] = 	 1.7912
     R(d) [C-G] = 	 1.6333
     R(e) [C-T] = 	 9.7187
     R(f) [G-T] = 	 1.0000
   Among-site rate variation
     Proportion of invariable sites = 0
     Gamma distribution shape parameter = 0.1817


--

PAUP* Commands Block: If you want to implement the previous estimates as likelihod settings in PAUP*, attach the next block of commands after the data in your PAUP file:

[!
Likelihood settings from best-fit model (GTR+G) selected by hLRT in MrModeltest 2.3
]
BEGIN PAUP;
	Lset  Base=(0.2152 0.2948 0.2597)  Nst=6  Rmat=(8.2445 4.2422 1.7912 1.6333 9.7187)  Rates=gamma  Shape=0.1817  Pinvar=0;
END;

--


MrBayes Commands Block: If you want to implement a "best" model in MrBayes, attach the next block of commands after the data in your NEXUS file:
(NOTE: In a Bayesian analysis, the Markov chain is integrating over the uncertainty in parameter values. Thus, you usually do NOT want to use the parameter values estimated by the commands in MrModeltest or Modeltest. You rather want to specify the general "form" of the model (such as nst=1 etc.)

[!
MrBayes settings for the best-fit model (GTR+G) selected by hLRT in MrModeltest 2.3
]
BEGIN MRBAYES;

	Lset  nst=6  rates=gamma;
	Prset statefreqpr=dirichlet(1,1,1,1);
END;

--




---------------------------------------------------------------
*                                                             *
*             AKAIKE INFORMATION CRITERION (AIC)              *
*                                                             *
---------------------------------------------------------------


 Model selected: GTR+G
   -lnL = 	2000.9359
    K = 	9
    AIC = 	4019.8718

   Base frequencies: 
     freqA = 	 0.2152
     freqC = 	 0.2948
     freqG = 	 0.2597
     freqT = 	 0.2303
   Substitution model: 
     Rate matrix
     R(a) [A-C] = 	 8.2445
     R(b) [A-G] = 	 4.2422
     R(c) [A-T] = 	 1.7912
     R(d) [C-G] = 	 1.6333
     R(e) [C-T] = 	 9.7187
     R(f) [G-T] = 	 1.0000
   Among-site rate variation
     Proportion of invariable sites = 0
     Gamma distribution shape parameter = 0.1817


--

PAUP* Commands Block: If you want to implement the previous estimates as likelihod settings in PAUP*, attach the next block of commands after the data in your PAUP file:

[!
Likelihood settings from best-fit model (GTR+G) selected by AIC in MrModeltest 2.3
]
BEGIN PAUP;
	Lset  Base=(0.2152 0.2948 0.2597)  Nst=6  Rmat=(8.2445 4.2422 1.7912 1.6333 9.7187)  Rates=gamma  Shape=0.1817  Pinvar=0;
END;

--


MrBayes Commands Block: If you want to implement a "best" model in MrBayes, attach the next block of commands after the data in your NEXUS file:
(NOTE: In a Bayesian analysis, the Markov chain is integrating over the uncertainty in parameter values. Thus, you usually do NOT want to use the parameter values estimated by the commands in MrModeltest or Modeltest. You rather want to specify the general "form" of the model (such as nst=1 etc.)

[!
MrBayes settings for the best-fit model (GTR+G) selected by AIC in MrModeltest 2.3
]
BEGIN MRBAYES;

	Lset  nst=6  rates=gamma;
	Prset statefreqpr=dirichlet(1,1,1,1);
END;

--


 ** MODEL SELECTION UNCERTAINTY : Akaike Weights **

Model		-lnL		K	 AIC		 delta		Weight		CumWeight
-------------------------------------------------------------------------------------------------
GTR+G     	 2000.9359	 9	 4019.8718	   0.0000	  0.5570	 0.5570
GTR+I+G   	 2000.4664	10	 4020.9329	   1.0610	  0.3277	 0.8848
SYM+G     	 2006.0291	 6	 4024.0581	   4.1863	  0.0687	 0.9534
SYM+I+G   	 2005.4584	 7	 4024.9167	   5.0449	  0.0447	 0.9982
GTR+I     	 2006.6544	 9	 4031.3088	  11.4370	  0.0018	 1.0000
SYM+I     	 2014.2019	 6	 4040.4038	  20.5320	1.94e-005	 1.0000
HKY+I+G   	 2025.8810	 6	 4063.7620	  43.8901	1.64e-010	 1.0000
HKY+G     	 2027.4207	 5	 4064.8413	  44.9695	9.57e-011	 1.0000
HKY+I     	 2031.6682	 5	 4073.3364	  53.4646	1.37e-012	 1.0000
K80+I+G   	 2040.2300	 3	 4086.4600	  66.5881	1.93e-015	 1.0000
K80+G     	 2041.6904	 2	 4087.3809	  67.5090	1.22e-015	 1.0000
F81+I+G   	 2040.3239	 5	 4090.6477	  70.7759	2.38e-016	 1.0000
F81+G     	 2041.7438	 4	 4091.4875	  71.6157	1.57e-016	 1.0000
K80+I     	 2046.4126	 2	 4096.8252	  76.9534	1.09e-017	 1.0000
F81+I     	 2045.8846	 4	 4099.7695	  79.8977	2.49e-018	 1.0000
JC+I+G    	 2055.5132	 2	 4115.0264	  95.1545	1.21e-021	 1.0000
JC+G      	 2056.8914	 1	 4115.7827	  95.9109	8.30e-022	 1.0000
JC+I      	 2061.4780	 1	 4124.9561	 105.0842	8.46e-024	 1.0000
GTR       	 2119.7617	 8	 4255.5234	 235.6516	0.00e+000	 1.0000
SYM       	 2129.1638	 5	 4268.3276	 248.4558	0.00e+000	 1.0000
HKY       	 2149.7778	 4	 4307.5557	 287.6838	0.00e+000	 1.0000
K80       	 2163.4072	 1	 4328.8145	 308.9426	0.00e+000	 1.0000
F81       	 2163.1987	 3	 4332.3975	 312.5256	0.00e+000	 1.0000
JC        	 2176.8628	 0	 4353.7256	 333.8538	0.00e+000	 1.0000
-------------------------------------------------------------------------------------------------
-lnL:		negative log likelihood
 K:		number of estimated (free) parameters
 AIC:		Akaike Information Criterion
 delta:		Akaike difference
 weight:	Akaike weight
 cumWeight:	cumulative Akaike weight



* MODEL AVERAGING AND PARAMETER IMPORTANCE (using Akaike Weights)
  Including all 24 models

					Model-averaged
Parameter		Importance	estimates
----------------------------------------------------
fA			0.8866		     0.2155
fC			0.8866		     0.2947
fG			0.8866		     0.2593
fT			0.8866		     0.2306
TiTv			0.0000		     1.1057
rAC			1.0000		     8.3592
rAG			1.0000		     4.2359
rAT			1.0000		     1.7217
rCG			1.0000		     1.6905
rCT			1.0000		     9.9080
pinv(I)			0.0018		     0.6620
alpha(G)		0.6257		     0.1812
pinv(I+IG)		0.3743		     0.1692
alpha(G+IG)		0.9982		     0.2042
----------------------------------------------------
Note: values have been rounded.
 (I):		averaged using only +I models
 (G):		averaged using only +G models
 (I+IG):	averaged using both +I and +I+G models
 (G+IG):	averaged using both +G and +I+G models

_________________________________________________________________________
Time processing: 0.001 seconds
If you need help type '-?' or '-h' in the command line of the program