


Output from MrModeltest version 2.3 

MrModeltest is written by Johan Nylander and is a modified version of Modeltest version 3.6 (Copyright David Posada, Universidad de Vigo).

Reference:
"Nylander, J.A.A. 2004. MrModeltest 2.3. Program distributed by the author. Evolutionary Biology Centre, Uppsala University."

Contact:
johan.nylander@ebc.uu.se.

Credits: David Posada is thanked for supplying the Modeltest code.
______________________________________________________________________

Sun Sep 17 10:25:47 2023

Input format: Paup matrix file 


** Log Likelihood scores **
            			+I		+G		+I+G
JC         =	1973.1735	1911.1760	1912.2874	1911.0975
F81        =	1960.5875	1893.7437	1895.5955	1893.7390
K80        =	1904.5011	1836.8823	1834.8444	1834.8444
HKY        =	1895.2958	1829.3722	1826.2888	1826.2888
SYM        =	1897.5773	1836.1879	1831.1882	1831.1882
GTR        =	1891.7002	1828.5565	1823.7690	1823.7551



Run settings

 Using the standard AIC (not the AICc)
 Not using branch lengths as parameters
 Running all four hierarchies for the hLRT
 Printed parameter values are from the hLRT1 hierarchy



---------------------------------------------------------------
*                                                             *
*         HIERARCHICAL LIKELIHOOD RATIO TESTS (hLRTs)         *
*                                                             *
---------------------------------------------------------------

 Equal base frequencies
   Null model = JC       		  -lnL0 = 1973.1735
   Alternative model = F81      	  -lnL1 = 1960.5875
   2(lnL1-lnL0) =   25.1719		      df = 3 
   P-value =  0.000014
 Ti=Tv
   Null model = F81      		  -lnL0 = 1960.5875
   Alternative model = HKY      	  -lnL1 = 1895.2958
   2(lnL1-lnL0) =  130.5835		      df = 1 
   P-value = <0.000001
 Unequal Tv and unequal Ti
   Null model = HKY      		  -lnL0 = 1895.2958
   Alternative model = GTR      	  -lnL1 = 1891.7002
   2(lnL1-lnL0) =    7.1912		      df = 4 
   P-value =  0.126124
 Equal rates among sites
   Null model = HKY      		  -lnL0 = 1895.2958
   Alternative model = HKY+G    	  -lnL1 = 1826.2888
   2(lnL1-lnL0) =  138.0139		      df = 1 
   Using mixed chi-square distribution
   P-value = <0.000001
 No Invariable sites
   Null model = HKY+G    		  -lnL0 = 1826.2888
   Alternative model = HKY+I+G  	  -lnL1 = 1826.2888
   2(lnL1-lnL0) =    0.0000		      df = 1 
   Using mixed chi-square distribution
   P-value = >0.999999


 ** Hierarchical Likelihood Ratio Tests (using hLRT2) **

 Equal base frequencies
   Null model = SYM+I+G  		  -lnL0 = 1831.1882
   Alternative model = GTR+I+G  	  -lnL1 = 1823.7551
   2(lnL1-lnL0) =   14.8662		      df = 3 
   P-value =  0.001935
 Unequal Tv and unequal Ti
   Null model = HKY+I+G  		  -lnL0 = 1826.2888
   Alternative model = GTR+I+G  	  -lnL1 = 1823.7551
   2(lnL1-lnL0) =    5.0674		      df = 4 
   P-value =  0.280453
 Ti=Tv
   Null model = F81+I+G  		  -lnL0 = 1893.7390
   Alternative model = HKY+I+G  	  -lnL1 = 1826.2888
   2(lnL1-lnL0) =  134.9004		      df = 1 
   P-value = <0.000001
 Equal rates among sites
   Null model = HKY+I    		  -lnL0 = 1829.3722
   Alternative model = HKY+I+G  	  -lnL1 = 1826.2888
   2(lnL1-lnL0) =    6.1667		      df = 1 
   Using mixed chi-square distribution
   P-value =  0.006509
 No Invariable sites
   Null model = HKY+G    		  -lnL0 = 1826.2888
   Alternative model = HKY+I+G  	  -lnL1 = 1826.2888
   2(lnL1-lnL0) =    0.0000		      df = 1 
   Using mixed chi-square distribution
   P-value = >0.999999


 ** Hierarchical Likelihood Ratio Tests (using hLRT3) **

 Equal rates among sites
   Null model = JC       		  -lnL0 = 1973.1735
   Alternative model = JC+G     	  -lnL1 = 1912.2874
   2(lnL1-lnL0) =  121.7722		      df = 1 
   Using mixed chi-square distribution
   P-value = <0.000001
 No Invariable sites
   Null model = JC+G     		  -lnL0 = 1912.2874
   Alternative model = JC+I+G   	  -lnL1 = 1911.0975
   2(lnL1-lnL0) =    2.3796		      df = 1 
   Using mixed chi-square distribution
   P-value =  0.061463
 Ti=Tv
   Null model = JC+G     		  -lnL0 = 1912.2874
   Alternative model = K80+G    	  -lnL1 = 1834.8444
   2(lnL1-lnL0) =  154.8860		      df = 1 
   P-value = <0.000001
 Unequal Tv and unequal Ti
   Null model = K80+G    		  -lnL0 = 1834.8444
   Alternative model = SYM+G    	  -lnL1 = 1831.1882
   2(lnL1-lnL0) =    7.3123		      df = 4 
   P-value =  0.120279
 Equal base frequencies
   Null model = K80+G    		  -lnL0 = 1834.8444
   Alternative model = HKY+G    	  -lnL1 = 1826.2888
   2(lnL1-lnL0) =   17.1111		      df = 3 
   P-value =  0.000671


 ** Hierarchical Likelihood Ratio Tests (using hLRT4) **

 Equal rates among sites
   Null model = GTR+I    		  -lnL0 = 1828.5565
   Alternative model = GTR+I+G  	  -lnL1 = 1823.7551
   2(lnL1-lnL0) =    9.6028		      df = 1 
   Using mixed chi-square distribution
   P-value =  0.000971
 No Invariable sites
   Null model = GTR+G    		  -lnL0 = 1823.7690
   Alternative model = GTR+I+G  	  -lnL1 = 1823.7551
   2(lnL1-lnL0) =    0.0278		      df = 1 
   Using mixed chi-square distribution
   P-value =  0.433752
 Unequal Tv and unequal Ti
   Null model = HKY+G    		  -lnL0 = 1826.2888
   Alternative model = GTR+G    	  -lnL1 = 1823.7690
   2(lnL1-lnL0) =    5.0396		      df = 4 
   P-value =  0.283263
 Ti=Tv
   Null model = F81+G    		  -lnL0 = 1895.5955
   Alternative model = HKY+G    	  -lnL1 = 1826.2888
   2(lnL1-lnL0) =  138.6133		      df = 1 
   P-value = <0.000001
 Equal base frequencies
   Null model = K80+G    		  -lnL0 = 1834.8444
   Alternative model = HKY+G    	  -lnL1 = 1826.2888
   2(lnL1-lnL0) =   17.1111		      df = 3 
   P-value =  0.000671


 --
 ATTENTION: The choice based on hLRT can be sensitive for the specific
            hierarchy used. If selected models differ, User need to
            make the choice!

            Model selected by hLRT (default): HKY+G
            Model selected by hLRT2:          HKY+G
            Model selected by hLRT3:          HKY+G
            Model selected by hLRT4:          HKY+G
 --


 Model selected: HKY+G
   -lnL = 	1826.2888
    K = 	5
   Base frequencies: 
     freqA = 	 0.2055
     freqC = 	 0.3172
     freqG = 	 0.2276
     freqT = 	 0.2497
   Substitution model: 
    Ti/tv ratio =	 2.8827
   Among-site rate variation
     Proportion of invariable sites = 0
     Gamma distribution shape parameter = 0.3412


--

PAUP* Commands Block: If you want to implement the previous estimates as likelihod settings in PAUP*, attach the next block of commands after the data in your PAUP file:

[!
Likelihood settings from best-fit model (HKY+G) selected by hLRT in MrModeltest 2.3
]
BEGIN PAUP;
	Lset  Base=(0.2055 0.3172 0.2276)  Nst=2  TRatio=2.8827  Rates=gamma  Shape=0.3412  Pinvar=0;
END;

--


MrBayes Commands Block: If you want to implement a "best" model in MrBayes, attach the next block of commands after the data in your NEXUS file:
(NOTE: In a Bayesian analysis, the Markov chain is integrating over the uncertainty in parameter values. Thus, you usually do NOT want to use the parameter values estimated by the commands in MrModeltest or Modeltest. You rather want to specify the general "form" of the model (such as nst=1 etc.)

[!
MrBayes settings for the best-fit model (HKY+G) selected by hLRT in MrModeltest 2.3
]
BEGIN MRBAYES;

	Lset  nst=2  rates=gamma;
	Prset statefreqpr=dirichlet(1,1,1,1);
END;

--




---------------------------------------------------------------
*                                                             *
*             AKAIKE INFORMATION CRITERION (AIC)              *
*                                                             *
---------------------------------------------------------------


 Model selected: HKY+G
   -lnL = 	1826.2888
    K = 	5
    AIC = 	3662.5776

   Base frequencies: 
     freqA = 	 0.2055
     freqC = 	 0.3172
     freqG = 	 0.2276
     freqT = 	 0.2497
   Substitution model: 
    Ti/tv ratio =	 2.8827
   Among-site rate variation
     Proportion of invariable sites = 0
     Gamma distribution shape parameter = 0.3412


--

PAUP* Commands Block: If you want to implement the previous estimates as likelihod settings in PAUP*, attach the next block of commands after the data in your PAUP file:

[!
Likelihood settings from best-fit model (HKY+G) selected by AIC in MrModeltest 2.3
]
BEGIN PAUP;
	Lset  Base=(0.2055 0.3172 0.2276)  Nst=2  TRatio=2.8827  Rates=gamma  Shape=0.3412  Pinvar=0;
END;

--


MrBayes Commands Block: If you want to implement a "best" model in MrBayes, attach the next block of commands after the data in your NEXUS file:
(NOTE: In a Bayesian analysis, the Markov chain is integrating over the uncertainty in parameter values. Thus, you usually do NOT want to use the parameter values estimated by the commands in MrModeltest or Modeltest. You rather want to specify the general "form" of the model (such as nst=1 etc.)

[!
MrBayes settings for the best-fit model (HKY+G) selected by AIC in MrModeltest 2.3
]
BEGIN MRBAYES;

	Lset  nst=2  rates=gamma;
	Prset statefreqpr=dirichlet(1,1,1,1);
END;

--


 ** MODEL SELECTION UNCERTAINTY : Akaike Weights **

Model		-lnL		K	 AIC		 delta		Weight		CumWeight
-------------------------------------------------------------------------------------------------
HKY+G     	 1826.2888	 5	 3662.5776	   0.0000	  0.5755	 0.5755
HKY+I+G   	 1826.2888	 6	 3664.5776	   2.0000	  0.2117	 0.7872
GTR+G     	 1823.7690	 9	 3665.5381	   2.9604	  0.1310	 0.9182
GTR+I+G   	 1823.7551	10	 3667.5103	   4.9326	  0.0489	 0.9670
HKY+I     	 1829.3722	 5	 3668.7444	   6.1667	  0.0264	 0.9934
K80+G     	 1834.8444	 2	 3673.6887	  11.1111	  0.0022	 0.9956
SYM+G     	 1831.1882	 6	 3674.3765	  11.7988	  0.0016	 0.9972
GTR+I     	 1828.5565	 9	 3675.1130	  12.5354	  0.0011	 0.9983
K80+I+G   	 1834.8444	 3	 3675.6887	  13.1111	  0.0008	 0.9991
SYM+I+G   	 1831.1882	 7	 3676.3765	  13.7988	  0.0006	 0.9997
K80+I     	 1836.8823	 2	 3677.7646	  15.1870	  0.0003	 1.0000
SYM+I     	 1836.1879	 6	 3684.3757	  21.7981	1.06e-005	 1.0000
F81+I     	 1893.7437	 4	 3795.4873	 132.9097	7.93e-030	 1.0000
F81+I+G   	 1893.7390	 5	 3797.4780	 134.9004	2.93e-030	 1.0000
HKY       	 1895.2958	 4	 3798.5916	 136.0139	1.68e-030	 1.0000
F81+G     	 1895.5955	 4	 3799.1909	 136.6133	1.24e-030	 1.0000
GTR       	 1891.7002	 8	 3799.4004	 136.8228	1.12e-030	 1.0000
SYM       	 1897.5773	 5	 3805.1545	 142.5769	6.31e-032	 1.0000
K80       	 1904.5011	 1	 3811.0022	 148.4246	3.39e-033	 1.0000
JC+I      	 1911.1760	 1	 3824.3521	 161.7744	4.28e-036	 1.0000
JC+I+G    	 1911.0975	 2	 3826.1951	 163.6174	1.70e-036	 1.0000
JC+G      	 1912.2874	 1	 3826.5747	 163.9971	1.41e-036	 1.0000
F81       	 1960.5875	 3	 3927.1750	 264.5974	0.00e+000	 1.0000
JC        	 1973.1735	 0	 3946.3469	 283.7693	0.00e+000	 1.0000
-------------------------------------------------------------------------------------------------
-lnL:		negative log likelihood
 K:		number of estimated (free) parameters
 AIC:		Akaike Information Criterion
 delta:		Akaike difference
 weight:	Akaike weight
 cumWeight:	cumulative Akaike weight



* MODEL AVERAGING AND PARAMETER IMPORTANCE (using Akaike Weights)
  Including all 24 models

					Model-averaged
Parameter		Importance	estimates
----------------------------------------------------
fA			0.9945		     0.2047
fC			0.9945		     0.3167
fG			0.9945		     0.2306
fT			0.9945		     0.2480
TiTv			0.8169		     2.8703
rAC			0.1831		     1.3636
rAG			0.1831		     5.2506
rAT			0.1831		     1.4857
rCG			0.1831		     0.6080
rCT			0.1831		     6.8889
pinv(I)			0.0278		     0.5168
alpha(G)		0.7103		     0.3410
pinv(I+IG)		0.2897		     0.0591
alpha(G+IG)		0.9722		     0.3429
----------------------------------------------------
Note: values have been rounded.
 (I):		averaged using only +I models
 (G):		averaged using only +G models
 (I+IG):	averaged using both +I and +I+G models
 (G+IG):	averaged using both +G and +I+G models

_________________________________________________________________________
Time processing: 0.001 seconds
If you need help type '-?' or '-h' in the command line of the program